Running Gradle task 'assembleDebug'...                          
lib/features/pet/agenda/presentation/pet_appointment_screen.dart:383:65: Error: The method 'pet_agenda_date_format' isn't defined for the type 'AppLocalizations'.
 - 'AppLocalizations' is from 'package:scannutplus/l10n/app_localizations.dart' ('lib/l10n/app_localizations.dart').
Try correcting the name to the name of an existing method, or defining a method named 'pet_agenda_date_format'.
                              decoration: _inputDecoration(l10n.pet_agenda_date_format(DateTime.now()), Icons.calendar_today),
                                                                ^^^^^^^^^^^^^^^^^^^^^^
Target kernel_snapshot_program failed: Exception


FAILURE: Build failed with an exception.

* What went wrong:
Execution failed for task ':app:compileFlutterBuildDebug'.
> Process 'command 'C:\Users\Abreu\flutter\bin\flutter.bat'' finished with non-zero exit value 1

* Try:
> Run with --stacktrace option to get the stack trace.
> Run with --info or --debug option to get more log output.
> Run with --scan to get full insights.
> Get more help at https://help.gradle.org.

BUILD FAILED in 17s
Running Gradle task 'assembleDebug'...                             17,8s
Gradle task assembleDebug failed with exit code 1
