Running Gradle task 'assembleDebug'...                          
lib/features/pet/presentation/pet_ai_chat_view.dart:53:46: Error: Member not found: 'envGeminiApiKey'.
      final apiKey = dotenv.env[PetConstants.envGeminiApiKey];
                                             ^^^^^^^^^^^^^^^
lib/features/pet/presentation/pet_ai_chat_view.dart:119:34: Error: Member not found: 'chatSystemContext'.
       final prompt = PetPrompts.chatSystemContext
                                 ^^^^^^^^^^^^^^^^^
lib/features/pet/presentation/pet_ai_chat_view.dart:229:49: Error: Not a constant expression.
                              child: Text('­ƒñû ${appL10n.pet_ai_thinking_status}', style: const TextStyle(color: Colors.white54, fontStyle: FontStyle.italic)),
                                                ^^^^^^^
Target kernel_snapshot_program failed: Exception


FAILURE: Build failed with an exception.

* What went wrong:
Execution failed for task ':app:compileFlutterBuildDebug'.
> Process 'command 'C:\Users\Abreu\flutter\bin\flutter.bat'' finished with non-zero exit value 1

* Try:
> Run with --stacktrace option to get the stack trace.
> Run with --info or --debug option to get more log output.
> Run with --scan to get full insights.
> Get more help at https://help.gradle.org.

BUILD FAILED in 6s
Running Gradle task 'assembleDebug'...                              7,3s
Gradle task assembleDebug failed with exit code 1
